# JRE version: OpenJDK Runtime Environment Microsoft-11926163 (17.0.16+8) (build 17.0.16+8-LTS)
# Java VM: OpenJDK 64-Bit Server VM Microsoft-11926163 (17.0.16+8-LTS, mixed mode, sharing, tiered, compressed oops, compressed class ptrs, g1 gc, windows-amd64)
GC Precious Log:
 CPUs: 4 total, 4 available
 Memory: 14269M
 Large Page Support: Disabled
 NUMA Support: Disabled
 Compressed Oops: Enabled (Zero based)
 Heap Region Size: 2M
 Heap Min Capacity: 8M
 Heap Initial Capacity: 224M
 Heap Max Capacity: 4G
 Pre-touch: Disabled
 Parallel Workers: 4
 Concurrent Workers: 1
 Concurrent Refinement Workers: 4
 Periodic GC: Disabled
Heap:
 garbage-first heap   total 436224K, used 349418K [0x0000000700000000, 0x0000000800000000)
  region size 2048K, 19 young (38912K), 4 survivors (8192K)
 Metaspace       used 193307K, committed 194944K, reserved 1245184K
  class space    used 24496K, committed 25280K, reserved 1048576K
GC Heap History (20 events):
Event: 80.492 GC heap before
{Heap before GC invocations=85 (full 0):
 garbage-first heap   total 362496K, used 314042K [0x0000000700000000, 0x0000000800000000)
  region size 2048K, 15 young (30720K), 2 survivors (4096K)
 Metaspace       used 187349K, committed 188800K, reserved 1245184K
  class space    used 23758K, committed 24448K, reserved 1048576K
}
Event: 80.499 GC heap after
{Heap after GC invocations=86 (full 0):
 garbage-first heap   total 362496K, used 290520K [0x0000000700000000, 0x0000000800000000)
  region size 2048K, 2 young (4096K), 2 survivors (4096K)
 Metaspace       used 187349K, committed 188800K, reserved 1245184K
  class space    used 23758K, committed 24448K, reserved 1048576K
}
Event: 80.911 GC heap before
{Heap before GC invocations=86 (full 0):
 garbage-first heap   total 362496K, used 315096K [0x0000000700000000, 0x0000000800000000)
  region size 2048K, 14 young (28672K), 2 survivors (4096K)
 Metaspace       used 187443K, committed 188864K, reserved 1245184K
  class space    used 23770K, committed 24448K, reserved 1048576K
}
Event: 80.916 GC heap after
{Heap after GC invocations=87 (full 0):
 garbage-first heap   total 362496K, used 292944K [0x0000000700000000, 0x0000000800000000)
  region size 2048K, 2 young (4096K), 2 survivors (4096K)
 Metaspace       used 187443K, committed 188864K, reserved 1245184K
  class space    used 23770K, committed 24448K, reserved 1048576K
}
Event: 81.186 GC heap before
{Heap before GC invocations=87 (full 0):
 garbage-first heap   total 362496K, used 313424K [0x0000000700000000, 0x0000000800000000)
  region size 2048K, 13 young (26624K), 2 survivors (4096K)
 Metaspace       used 187533K, committed 189056K, reserved 1245184K
  class space    used 23786K, committed 24512K, reserved 1048576K
}
Event: 81.192 GC heap after
{Heap after GC invocations=88 (full 0):
 garbage-first heap   total 362496K, used 294674K [0x0000000700000000, 0x0000000800000000)
  region size 2048K, 2 young (4096K), 2 survivors (4096K)
 Metaspace       used 187533K, committed 189056K, reserved 1245184K
  class space    used 23786K, committed 24512K, reserved 1048576K
}
Event: 81.602 GC heap before
{Heap before GC invocations=88 (full 0):
 garbage-first heap   total 362496K, used 315154K [0x0000000700000000, 0x0000000800000000)
  region size 2048K, 12 young (24576K), 2 survivors (4096K)
 Metaspace       used 188066K, committed 189568K, reserved 1245184K
  class space    used 23853K, committed 24576K, reserved 1048576K
}
Event: 81.607 GC heap after
{Heap after GC invocations=89 (full 0):
 garbage-first heap   total 362496K, used 297065K [0x0000000700000000, 0x0000000800000000)
  region size 2048K, 2 young (4096K), 2 survivors (4096K)
 Metaspace       used 188066K, committed 189568K, reserved 1245184K
  class space    used 23853K, committed 24576K, reserved 1048576K
}
Event: 81.957 GC heap before
{Heap before GC invocations=89 (full 0):
 garbage-first heap   total 362496K, used 315497K [0x0000000700000000, 0x0000000800000000)
  region size 2048K, 11 young (22528K), 2 survivors (4096K)
 Metaspace       used 188632K, committed 190080K, reserved 1245184K
  class space    used 23934K, committed 24640K, reserved 1048576K
}
Event: 81.963 GC heap after
{Heap after GC invocations=90 (full 0):
 garbage-first heap   total 362496K, used 299116K [0x0000000700000000, 0x0000000800000000)
  region size 2048K, 1 young (2048K), 1 survivors (2048K)
 Metaspace       used 188632K, committed 190080K, reserved 1245184K
  class space    used 23934K, committed 24640K, reserved 1048576K
}
Event: 82.265 GC heap before
{Heap before GC invocations=90 (full 0):
 garbage-first heap   total 362496K, used 317548K [0x0000000700000000, 0x0000000800000000)
  region size 2048K, 10 young (20480K), 1 survivors (2048K)
 Metaspace       used 189399K, committed 190912K, reserved 1245184K
  class space    used 24043K, committed 24768K, reserved 1048576K
}
Event: 82.269 GC heap after
{Heap after GC invocations=91 (full 0):
 garbage-first heap   total 362496K, used 300302K [0x0000000700000000, 0x0000000800000000)
  region size 2048K, 2 young (4096K), 2 survivors (4096K)
 Metaspace       used 189399K, committed 190912K, reserved 1245184K
  class space    used 24043K, committed 24768K, reserved 1048576K
}
Event: 82.562 GC heap before
{Heap before GC invocations=91 (full 0):
 garbage-first heap   total 362496K, used 316686K [0x0000000700000000, 0x0000000800000000)
  region size 2048K, 10 young (20480K), 2 survivors (4096K)
 Metaspace       used 189934K, committed 191424K, reserved 1245184K
  class space    used 24116K, committed 24832K, reserved 1048576K
}
Event: 82.568 GC heap after
{Heap after GC invocations=92 (full 0):
 garbage-first heap   total 362496K, used 301694K [0x0000000700000000, 0x0000000800000000)
  region size 2048K, 2 young (4096K), 2 survivors (4096K)
 Metaspace       used 189934K, committed 191424K, reserved 1245184K
  class space    used 24116K, committed 24832K, reserved 1048576K
}
Event: 82.807 GC heap before
{Heap before GC invocations=92 (full 0):
 garbage-first heap   total 362496K, used 318078K [0x0000000700000000, 0x0000000800000000)
  region size 2048K, 10 young (20480K), 2 survivors (4096K)
 Metaspace       used 189996K, committed 191488K, reserved 1245184K
  class space    used 24120K, committed 24832K, reserved 1048576K
}
Event: 82.813 GC heap after
{Heap after GC invocations=93 (full 0):
 garbage-first heap   total 436224K, used 304605K [0x0000000700000000, 0x0000000800000000)
  region size 2048K, 2 young (4096K), 2 survivors (4096K)
 Metaspace       used 189996K, committed 191488K, reserved 1245184K
  class space    used 24120K, committed 24832K, reserved 1048576K
}
Event: 83.969 GC heap before
{Heap before GC invocations=93 (full 0):
 garbage-first heap   total 436224K, used 370141K [0x0000000700000000, 0x0000000800000000)
  region size 2048K, 34 young (69632K), 2 survivors (4096K)
 Metaspace       used 190589K, committed 192128K, reserved 1245184K
  class space    used 24199K, committed 24896K, reserved 1048576K
}
Event: 83.982 GC heap after
{Heap after GC invocations=94 (full 0):
 garbage-first heap   total 436224K, used 313830K [0x0000000700000000, 0x0000000800000000)
  region size 2048K, 5 young (10240K), 5 survivors (10240K)
 Metaspace       used 190589K, committed 192128K, reserved 1245184K
  class space    used 24199K, committed 24896K, reserved 1048576K
}
Event: 85.965 GC heap before
{Heap before GC invocations=94 (full 0):
 garbage-first heap   total 436224K, used 369126K [0x0000000700000000, 0x0000000800000000)
  region size 2048K, 32 young (65536K), 5 survivors (10240K)
 Metaspace       used 192860K, committed 194368K, reserved 1245184K
  class space    used 24468K, committed 25152K, reserved 1048576K
}
Event: 85.978 GC heap after
{Heap after GC invocations=95 (full 0):
 garbage-first heap   total 436224K, used 320746K [0x0000000700000000, 0x0000000800000000)
  region size 2048K, 4 young (8192K), 4 survivors (8192K)
 Metaspace       used 192860K, committed 194368K, reserved 1245184K
  class space    used 24468K, committed 25152K, reserved 1048576K
}

