# JRE version: OpenJDK Runtime Environment Microsoft-11926163 (17.0.16+8) (build 17.0.16+8-LTS)
# Java VM: OpenJDK 64-Bit Server VM Microsoft-11926163 (17.0.16+8-LTS, mixed mode, sharing, tiered, compressed oops, compressed class ptrs, g1 gc, windows-amd64)
GC Precious Log:
 CPUs: 4 total, 4 available
 Memory: 14269M
 Large Page Support: Disabled
 NUMA Support: Disabled
 Compressed Oops: Enabled (Zero based)
 Heap Region Size: 2M
 Heap Min Capacity: 8M
 Heap Initial Capacity: 224M
 Heap Max Capacity: 4G
 Pre-touch: Disabled
 Parallel Workers: 4
 Concurrent Workers: 1
 Concurrent Refinement Workers: 4
 Periodic GC: Disabled
Heap:
 garbage-first heap   total 782336K, used 524288K [0x0000000700000000, 0x0000000800000000)
  region size 2048K, 11 young (22528K), 11 survivors (22528K)
 Metaspace       used 246199K, committed 248832K, reserved 1310720K
  class space    used 30697K, committed 31936K, reserved 1048576K
GC Heap History (20 events):
Event: 2137.653 GC heap after
{Heap after GC invocations=76 (full 0):
 garbage-first heap   total 706560K, used 337453K [0x0000000700000000, 0x0000000800000000)
  region size 2048K, 9 young (18432K), 9 survivors (18432K)
 Metaspace       used 238577K, committed 241088K, reserved 1310720K
  class space    used 30012K, committed 31232K, reserved 1048576K
}
Event: 2143.249 GC heap before
{Heap before GC invocations=76 (full 0):
 garbage-first heap   total 706560K, used 587309K [0x0000000700000000, 0x0000000800000000)
  region size 2048K, 132 young (270336K), 9 survivors (18432K)
 Metaspace       used 239733K, committed 242304K, reserved 1310720K
  class space    used 30181K, committed 31424K, reserved 1048576K
}
Event: 2143.263 GC heap after
{Heap after GC invocations=77 (full 0):
 garbage-first heap   total 706560K, used 340091K [0x0000000700000000, 0x0000000800000000)
  region size 2048K, 10 young (20480K), 10 survivors (20480K)
 Metaspace       used 239733K, committed 242304K, reserved 1310720K
  class space    used 30181K, committed 31424K, reserved 1048576K
}
Event: 2146.355 GC heap before
{Heap before GC invocations=77 (full 0):
 garbage-first heap   total 706560K, used 594043K [0x0000000700000000, 0x0000000800000000)
  region size 2048K, 135 young (276480K), 10 survivors (20480K)
 Metaspace       used 240837K, committed 243456K, reserved 1310720K
  class space    used 30309K, committed 31552K, reserved 1048576K
}
Event: 2146.372 GC heap after
{Heap after GC invocations=78 (full 0):
 garbage-first heap   total 706560K, used 344162K [0x0000000700000000, 0x0000000800000000)
  region size 2048K, 7 young (14336K), 7 survivors (14336K)
 Metaspace       used 240837K, committed 243456K, reserved 1310720K
  class space    used 30309K, committed 31552K, reserved 1048576K
}
Event: 2148.075 GC heap before
{Heap before GC invocations=78 (full 0):
 garbage-first heap   total 706560K, used 614498K [0x0000000700000000, 0x0000000800000000)
  region size 2048K, 132 young (270336K), 7 survivors (14336K)
 Metaspace       used 241046K, committed 243648K, reserved 1310720K
  class space    used 30319K, committed 31552K, reserved 1048576K
}
Event: 2148.085 GC heap after
{Heap after GC invocations=79 (full 0):
 garbage-first heap   total 706560K, used 363507K [0x0000000700000000, 0x0000000800000000)
  region size 2048K, 9 young (18432K), 9 survivors (18432K)
 Metaspace       used 241046K, committed 243648K, reserved 1310720K
  class space    used 30319K, committed 31552K, reserved 1048576K
}
Event: 2148.548 GC heap before
{Heap before GC invocations=79 (full 0):
 garbage-first heap   total 706560K, used 521203K [0x0000000700000000, 0x0000000800000000)
  region size 2048K, 67 young (137216K), 9 survivors (18432K)
 Metaspace       used 241610K, committed 244288K, reserved 1310720K
  class space    used 30357K, committed 31616K, reserved 1048576K
}
Event: 2148.560 GC heap after
{Heap after GC invocations=80 (full 0):
 garbage-first heap   total 706560K, used 400356K [0x0000000700000000, 0x0000000800000000)
  region size 2048K, 14 young (28672K), 14 survivors (28672K)
 Metaspace       used 241610K, committed 244288K, reserved 1310720K
  class space    used 30357K, committed 31616K, reserved 1048576K
}
Event: 2150.178 GC heap before
{Heap before GC invocations=80 (full 0):
 garbage-first heap   total 706560K, used 607204K [0x0000000700000000, 0x0000000800000000)
  region size 2048K, 102 young (208896K), 14 survivors (28672K)
 Metaspace       used 245960K, committed 248640K, reserved 1310720K
  class space    used 30691K, committed 31936K, reserved 1048576K
}
Event: 2150.213 GC heap after
{Heap after GC invocations=81 (full 0):
 garbage-first heap   total 706560K, used 438779K [0x0000000700000000, 0x0000000800000000)
  region size 2048K, 15 young (30720K), 15 survivors (30720K)
 Metaspace       used 245960K, committed 248640K, reserved 1310720K
  class space    used 30691K, committed 31936K, reserved 1048576K
}
Event: 2150.872 GC heap before
{Heap before GC invocations=82 (full 0):
 garbage-first heap   total 782336K, used 571899K [0x0000000700000000, 0x0000000800000000)
  region size 2048K, 85 young (174080K), 15 survivors (30720K)
 Metaspace       used 246047K, committed 248704K, reserved 1310720K
  class space    used 30694K, committed 31936K, reserved 1048576K
}
Event: 2150.917 GC heap after
{Heap after GC invocations=83 (full 0):
 garbage-first heap   total 782336K, used 452608K [0x0000000700000000, 0x0000000800000000)
  region size 2048K, 11 young (22528K), 11 survivors (22528K)
 Metaspace       used 246047K, committed 248704K, reserved 1310720K
  class space    used 30694K, committed 31936K, reserved 1048576K
}
Event: 2150.973 GC heap before
{Heap before GC invocations=83 (full 0):
 garbage-first heap   total 782336K, used 468992K [0x0000000700000000, 0x0000000800000000)
  region size 2048K, 19 young (38912K), 11 survivors (22528K)
 Metaspace       used 246067K, committed 248704K, reserved 1310720K
  class space    used 30694K, committed 31936K, reserved 1048576K
}
Event: 2151.005 GC heap after
{Heap after GC invocations=84 (full 0):
 garbage-first heap   total 782336K, used 419840K [0x0000000700000000, 0x0000000800000000)
  region size 2048K, 2 young (4096K), 2 survivors (4096K)
 Metaspace       used 246067K, committed 248704K, reserved 1310720K
  class space    used 30694K, committed 31936K, reserved 1048576K
}
Event: 2151.436 GC heap before
{Heap before GC invocations=84 (full 0):
 garbage-first heap   total 782336K, used 612352K [0x0000000700000000, 0x0000000800000000)
  region size 2048K, 97 young (198656K), 2 survivors (4096K)
 Metaspace       used 246097K, committed 248768K, reserved 1310720K
  class space    used 30695K, committed 31936K, reserved 1048576K
}
Event: 2151.465 GC heap after
{Heap after GC invocations=85 (full 0):
 garbage-first heap   total 782336K, used 457728K [0x0000000700000000, 0x0000000800000000)
  region size 2048K, 13 young (26624K), 13 survivors (26624K)
 Metaspace       used 246097K, committed 248768K, reserved 1310720K
  class space    used 30695K, committed 31936K, reserved 1048576K
}
Event: 2151.718 GC heap before
{Heap before GC invocations=85 (full 0):
 garbage-first heap   total 782336K, used 619520K [0x0000000700000000, 0x0000000800000000)
  region size 2048K, 93 young (190464K), 13 survivors (26624K)
 Metaspace       used 246109K, committed 248768K, reserved 1310720K
  class space    used 30695K, committed 31936K, reserved 1048576K
}
Event: 2151.762 GC heap after
{Heap after GC invocations=86 (full 0):
 garbage-first heap   total 782336K, used 485376K [0x0000000700000000, 0x0000000800000000)
  region size 2048K, 12 young (24576K), 12 survivors (24576K)
 Metaspace       used 246109K, committed 248768K, reserved 1310720K
  class space    used 30695K, committed 31936K, reserved 1048576K
}
Event: 2152.520 GC heap before
{Heap before GC invocations=86 (full 0):
 garbage-first heap   total 782336K, used 628736K [0x0000000700000000, 0x0000000800000000)
  region size 2048K, 83 young (169984K), 12 survivors (24576K)
 Metaspace       used 246199K, committed 248832K, reserved 1310720K
  class space    used 30697K, committed 31936K, reserved 1048576K
}

