# JRE version: OpenJDK Runtime Environment Microsoft-11926163 (17.0.16+8) (build 17.0.16+8-LTS)
# Java VM: OpenJDK 64-Bit Server VM Microsoft-11926163 (17.0.16+8-LTS, mixed mode, sharing, tiered, compressed oops, compressed class ptrs, g1 gc, windows-amd64)
GC Precious Log:
 CPUs: 4 total, 4 available
 Memory: 14269M
 Large Page Support: Disabled
 NUMA Support: Disabled
 Compressed Oops: Enabled (Zero based)
 Heap Region Size: 2M
 Heap Min Capacity: 8M
 Heap Initial Capacity: 224M
 Heap Max Capacity: 4G
 Pre-touch: Disabled
 Parallel Workers: 4
 Concurrent Workers: 1
 Concurrent Refinement Workers: 4
 Periodic GC: Disabled
Heap:
 garbage-first heap   total 929792K, used 332204K [0x0000000700000000, 0x0000000800000000)
  region size 2048K, 8 young (16384K), 8 survivors (16384K)
 Metaspace       used 268119K, committed 271936K, reserved 1310720K
  class space    used 34184K, committed 35968K, reserved 1048576K
GC Heap History (20 events):
Event: 6822.535 GC heap after
{Heap after GC invocations=100 (full 0):
 garbage-first heap   total 847872K, used 238248K [0x0000000700000000, 0x0000000800000000)
  region size 2048K, 2 young (4096K), 2 survivors (4096K)
 Metaspace       used 196065K, committed 199424K, reserved 1245184K
  class space    used 25798K, committed 27392K, reserved 1048576K
}
Event: 7008.163 GC heap before
{Heap before GC invocations=100 (full 0):
 garbage-first heap   total 847872K, used 438952K [0x0000000700000000, 0x0000000800000000)
  region size 2048K, 102 young (208896K), 2 survivors (4096K)
 Metaspace       used 210670K, committed 214144K, reserved 1245184K
  class space    used 28065K, committed 29696K, reserved 1048576K
}
Event: 7008.175 GC heap after
{Heap after GC invocations=101 (full 0):
 garbage-first heap   total 847872K, used 245811K [0x0000000700000000, 0x0000000800000000)
  region size 2048K, 6 young (12288K), 6 survivors (12288K)
 Metaspace       used 210670K, committed 214144K, reserved 1245184K
  class space    used 28065K, committed 29696K, reserved 1048576K
}
Event: 7018.902 GC heap before
{Heap before GC invocations=102 (full 0):
 garbage-first heap   total 847872K, used 684083K [0x0000000700000000, 0x0000000800000000)
  region size 2048K, 215 young (440320K), 6 survivors (12288K)
 Metaspace       used 238087K, committed 241536K, reserved 1310720K
  class space    used 31020K, committed 32640K, reserved 1048576K
}
Event: 7018.950 GC heap after
{Heap after GC invocations=103 (full 0):
 garbage-first heap   total 847872K, used 301408K [0x0000000700000000, 0x0000000800000000)
  region size 2048K, 27 young (55296K), 27 survivors (55296K)
 Metaspace       used 238087K, committed 241536K, reserved 1310720K
  class space    used 31020K, committed 32640K, reserved 1048576K
}
Event: 7018.966 GC heap before
{Heap before GC invocations=103 (full 0):
 garbage-first heap   total 847872K, used 301408K [0x0000000700000000, 0x0000000800000000)
  region size 2048K, 28 young (57344K), 27 survivors (55296K)
 Metaspace       used 238155K, committed 241600K, reserved 1310720K
  class space    used 31026K, committed 32640K, reserved 1048576K
}
Event: 7019.032 GC heap after
{Heap after GC invocations=104 (full 0):
 garbage-first heap   total 847872K, used 300246K [0x0000000700000000, 0x0000000800000000)
  region size 2048K, 2 young (4096K), 2 survivors (4096K)
 Metaspace       used 238155K, committed 241600K, reserved 1310720K
  class space    used 31026K, committed 32640K, reserved 1048576K
}
Event: 7031.136 GC heap before
{Heap before GC invocations=104 (full 0):
 garbage-first heap   total 847872K, used 675030K [0x0000000700000000, 0x0000000800000000)
  region size 2048K, 185 young (378880K), 2 survivors (4096K)
 Metaspace       used 259949K, committed 263488K, reserved 1310720K
  class space    used 33319K, committed 35008K, reserved 1048576K
}
Event: 7031.184 GC heap after
{Heap after GC invocations=105 (full 0):
 garbage-first heap   total 847872K, used 319226K [0x0000000700000000, 0x0000000800000000)
  region size 2048K, 15 young (30720K), 15 survivors (30720K)
 Metaspace       used 259949K, committed 263488K, reserved 1310720K
  class space    used 33319K, committed 35008K, reserved 1048576K
}
Event: 7159.412 GC heap before
{Heap before GC invocations=106 (full 0):
 garbage-first heap   total 847872K, used 675578K [0x0000000700000000, 0x0000000800000000)
  region size 2048K, 190 young (389120K), 15 survivors (30720K)
 Metaspace       used 260147K, committed 263808K, reserved 1310720K
  class space    used 33335K, committed 35072K, reserved 1048576K
}
Event: 7159.466 GC heap after
{Heap after GC invocations=107 (full 0):
 garbage-first heap   total 847872K, used 333501K [0x0000000700000000, 0x0000000800000000)
  region size 2048K, 8 young (16384K), 8 survivors (16384K)
 Metaspace       used 260147K, committed 263808K, reserved 1310720K
  class space    used 33335K, committed 35072K, reserved 1048576K
}
Event: 7159.789 GC heap before
{Heap before GC invocations=107 (full 0):
 garbage-first heap   total 847872K, used 356029K [0x0000000700000000, 0x0000000800000000)
  region size 2048K, 20 young (40960K), 8 survivors (16384K)
 Metaspace       used 260154K, committed 263808K, reserved 1310720K
  class space    used 33335K, committed 35072K, reserved 1048576K
}
Event: 7159.816 GC heap after
{Heap after GC invocations=108 (full 0):
 garbage-first heap   total 847872K, used 326436K [0x0000000700000000, 0x0000000800000000)
  region size 2048K, 2 young (4096K), 2 survivors (4096K)
 Metaspace       used 260154K, committed 263808K, reserved 1310720K
  class space    used 33335K, committed 35072K, reserved 1048576K
}
Event: 7189.871 GC heap before
{Heap before GC invocations=108 (full 0):
 garbage-first heap   total 847872K, used 445220K [0x0000000700000000, 0x0000000800000000)
  region size 2048K, 61 young (124928K), 2 survivors (4096K)
 Metaspace       used 260945K, committed 264576K, reserved 1310720K
  class space    used 33432K, committed 35136K, reserved 1048576K
}
Event: 7189.885 GC heap after
{Heap after GC invocations=109 (full 0):
 garbage-first heap   total 847872K, used 332863K [0x0000000700000000, 0x0000000800000000)
  region size 2048K, 5 young (10240K), 5 survivors (10240K)
 Metaspace       used 260945K, committed 264576K, reserved 1310720K
  class space    used 33432K, committed 35136K, reserved 1048576K
}
Event: 7195.794 GC heap before
{Heap before GC invocations=110 (full 0):
 garbage-first heap   total 847872K, used 695359K [0x0000000700000000, 0x0000000800000000)
  region size 2048K, 181 young (370688K), 5 survivors (10240K)
 Metaspace       used 264722K, committed 268352K, reserved 1310720K
  class space    used 33757K, committed 35456K, reserved 1048576K
}
Event: 7195.835 GC heap after
{Heap after GC invocations=111 (full 0):
 garbage-first heap   total 847872K, used 348160K [0x0000000700000000, 0x0000000800000000)
  region size 2048K, 16 young (32768K), 16 survivors (32768K)
 Metaspace       used 264722K, committed 268352K, reserved 1310720K
  class space    used 33757K, committed 35456K, reserved 1048576K
}
Event: 7195.900 GC heap before
{Heap before GC invocations=111 (full 0):
 garbage-first heap   total 847872K, used 356352K [0x0000000700000000, 0x0000000800000000)
  region size 2048K, 20 young (40960K), 16 survivors (32768K)
 Metaspace       used 264763K, committed 268416K, reserved 1310720K
  class space    used 33764K, committed 35520K, reserved 1048576K
}
Event: 7195.935 GC heap after
{Heap after GC invocations=112 (full 0):
 garbage-first heap   total 847872K, used 320264K [0x0000000700000000, 0x0000000800000000)
  region size 2048K, 2 young (4096K), 2 survivors (4096K)
 Metaspace       used 264763K, committed 268416K, reserved 1310720K
  class space    used 33764K, committed 35520K, reserved 1048576K
}
Event: 7208.631 GC heap before
{Heap before GC invocations=112 (full 0):
 garbage-first heap   total 847872K, used 680712K [0x0000000700000000, 0x0000000800000000)
  region size 2048K, 178 young (364544K), 2 survivors (4096K)
 Metaspace       used 268119K, committed 271936K, reserved 1310720K
  class space    used 34184K, committed 35968K, reserved 1048576K
}

